\BOOKMARK [1][-]{section.1}{\372vod}{}% 1
\BOOKMARK [1][-]{section.2}{Co je to vlastne hinting?}{}% 2
\BOOKMARK [2][-]{subsection.2.1}{Hinting dnes}{section.2}% 3
\BOOKMARK [2][-]{subsection.2.2}{Druhy Hintingu detailne}{section.2}% 4
\BOOKMARK [1][-]{section.3}{programy okolo hintingu}{}% 5
\BOOKMARK [2][-]{subsection.3.1}{VTT}{section.3}% 6
\BOOKMARK [2][-]{subsection.3.2}{rasteriz\351ry}{section.3}% 7
\BOOKMARK [1][-]{section.4}{anal\375zy}{}% 8
\BOOKMARK [2][-]{subsection.4.1}{font-size}{section.4}% 9
\BOOKMARK [2][-]{subsection.4.2}{font-family}{section.4}% 10
\BOOKMARK [1][-]{section.5}{Pixel a pixel mimo digit\341ln\355 svet}{}% 11
\BOOKMARK [2][-]{subsection.5.1}{O u Timesu je stejn\351 jako u Arialu}{section.5}% 12
\BOOKMARK [1][-]{section.6}{n\341vrh p\355sma Delta}{}% 13
\BOOKMARK [2][-]{subsection.6.1}{Konzultace}{section.6}% 14
\BOOKMARK [2][-]{subsection.6.2}{Mr\355\236ka a kontura v n\355}{section.6}% 15
\BOOKMARK [2][-]{subsection.6.3}{Bezpecn\351 \372hly}{section.6}% 16
\BOOKMARK [2][-]{subsection.6.4}{Kontura}{section.6}% 17
\BOOKMARK [2][-]{subsection.6.5}{Hinting}{section.6}% 18
\BOOKMARK [2][-]{subsection.6.6}{Prezentace a testov\341n\355 na display\355ch Nokia}{section.6}% 19
\BOOKMARK [2][-]{subsection.6.7}{Budoucnost m\351 bakal\341rsk\351 pr\341ce}{section.6}% 20
